<?xml version="1.0" encoding="UTF-8"?>
<testng-results ignored="0" total="1" passed="1" failed="0" skipped="0">
  <reporter-output>
  </reporter-output>
  <suite started-at="2023-03-04T11:14:16 IST" name="Default suite" finished-at="2023-03-04T11:14:26 IST" duration-ms="9898">
    <groups>
    </groups>
    <test started-at="2023-03-04T11:14:16 IST" name="Default test" finished-at="2023-03-04T11:14:26 IST" duration-ms="9898">
      <class name="ServicePageFac.Services">
        <test-method signature="ServicesTab()[pri:0, instance:ServicePageFac.Services@4efac082]" started-at="2023-03-04T11:14:16 IST" name="ServicesTab" finished-at="2023-03-04T11:14:25 IST" duration-ms="9847" status="PASS">
          <reporter-output>
          </reporter-output>
        </test-method> <!-- ServicesTab -->
      </class> <!-- ServicePageFac.Services -->
    </test> <!-- Default test -->
  </suite> <!-- Default suite -->
</testng-results>
